/*C2*/SET SCHEMA PUBLIC
alter table Ranking drop constraint FK_9fbc6b5m0optsql2hodo7km3i
alter table Ranking drop constraint FK_ia7r0m7n1okn7b3x65seiy5j0
drop table Livro if exists
drop table Ranking if exists
drop table Usuario if exists
create table Livro (id integer generated by default as identity (start with 1), caminho varchar(255), nome varchar(255), primary key (id))
create table Ranking (id integer generated by default as identity (start with 1), livro_id integer, usuario_id integer, primary key (id))
create table Usuario (id integer generated by default as identity (start with 1), email varchar(255), nome varchar(255), primary key (id))
alter table Ranking add constraint FK_9fbc6b5m0optsql2hodo7km3i foreign key (livro_id) references Livro
alter table Ranking add constraint FK_ia7r0m7n1okn7b3x65seiy5j0 foreign key (usuario_id) references Usuario
/*C3*/SET SCHEMA PUBLIC
INSERT INTO LIVRO VALUES(1,'/pages/img/1984.jpg','1984')
COMMIT
/*C4*/SET SCHEMA PUBLIC
INSERT INTO LIVRO VALUES(2,'/pages/img/Guerra-e-Paz.jpg','Guerra e Paz')
COMMIT
/*C5*/SET SCHEMA PUBLIC
INSERT INTO LIVRO VALUES(3,'/pages/img/Lolita.jpg','Lolita')
COMMIT
/*C6*/SET SCHEMA PUBLIC
INSERT INTO LIVRO VALUES(4,'/pages/img/O-Som-e-a-Furia.jpg','O Som e a F\u00faria')
COMMIT
/*C7*/SET SCHEMA PUBLIC
INSERT INTO LIVRO VALUES(5,'/pages/img/Ulysses.jpg','Ulysses')
COMMIT
